TN:
SF:src\domain\entities\base-entity.ts
FN:12,(anonymous_1)
FNF:1
FNH:1
FNDA:2,(anonymous_1)
DA:2,1
DA:4,1
DA:6,1
DA:13,2
DA:14,0
DA:16,2
DA:17,2
LF:7
LH:6
BRDA:13,0,0,0
BRDA:16,1,0,2
BRDA:16,1,1,2
BRF:3
BRH:2
end_of_record
TN:
SF:src\domain\entities\client-entity.ts
FN:9,(anonymous_0)
FNF:1
FNH:1
FNDA:2,(anonymous_0)
DA:2,1
DA:4,1
DA:10,2
DA:11,2
DA:12,2
DA:13,2
LF:6
LH:6
BRF:0
BRH:0
end_of_record
TN:
SF:src\domain\use-cases\client\create-client.use-case.ts
FN:6,(anonymous_0)
FN:8,(anonymous_1)
FNF:2
FNH:2
FNDA:1,(anonymous_0)
FNDA:1,(anonymous_1)
DA:2,1
DA:5,1
DA:6,1
DA:9,1
DA:10,1
LF:5
LH:5
BRF:0
BRH:0
end_of_record
